<?xml version="1.0" encoding="UTF-8"?>
<!-- Generated by org.testng.reporters.JUnitXMLReporter -->
<testsuite hostname="user-PC" name="Test" tests="4" failures="0" timestamp="2 Apr 2018 17:45:40 GMT" time="89.527" errors="0">
  <testcase name="basePagenavigation" time="0.063" classname="Academy.ValidateNavBar"/>
  <testcase name="basePagenavigation" time="0.057" classname="Academy.HomePage"/>
  <testcase name="basepagenavigation" time="6.288" classname="Academy.HomePagelogin"/>
  <testcase name="basepagenavigation" time="4.294" classname="Academy.HomePagelogin"/>
</testsuite> <!-- Test -->
