<?xml version="1.0" encoding="UTF-8"?>
<!-- Generated by org.testng.reporters.JUnitXMLReporter -->
<testsuite hostname="user-PC" name="Test" tests="4" failures="0" timestamp="3 Apr 2018 14:46:18 GMT" time="42.872" errors="0">
  <testcase name="basePagenavigation" time="0.078" classname="Academy.ValidateNavBar"/>
  <testcase name="basePagenavigation" time="0.04" classname="Academy.HomePage"/>
  <testcase name="basepagenavigation" time="3.991" classname="Academy.HomePagelogin"/>
  <testcase name="basepagenavigation" time="2.893" classname="Academy.HomePagelogin"/>
</testsuite> <!-- Test -->
