<?xml version="1.0" encoding="UTF-8"?>
<testng-results skipped="0" failed="1" total="4" passed="3">
  <reporter-output>
  </reporter-output>
  <suite name="Suite" duration-ms="54183" started-at="2018-04-03T18:59:20Z" finished-at="2018-04-03T19:00:14Z">
    <groups>
    </groups>
    <test name="Validate navigation bar(browser closes after this test)" duration-ms="17698" started-at="2018-04-03T18:59:20Z" finished-at="2018-04-03T18:59:38Z">
      <class name="Academy.ValidateNavBar">
        <test-method status="PASS" signature="begin()[pri:0, instance:Academy.ValidateNavBar@670002]" name="begin" is-config="true" duration-ms="17609" started-at="2018-04-04T00:29:20Z" finished-at="2018-04-04T00:29:38Z">
          <reporter-output>
          </reporter-output>
        </test-method> <!-- begin -->
        <test-method status="PASS" signature="Navigationbar()[pri:0, instance:Academy.ValidateNavBar@670002]" name="Navigationbar" duration-ms="42" started-at="2018-04-04T00:29:38Z" finished-at="2018-04-04T00:29:38Z">
          <reporter-output>
          </reporter-output>
        </test-method> <!-- Navigationbar -->
        <test-method status="PASS" signature="teardown()[pri:0, instance:Academy.ValidateNavBar@670002]" name="teardown" is-config="true" duration-ms="38" started-at="2018-04-04T00:29:38Z" finished-at="2018-04-04T00:29:38Z">
          <reporter-output>
          </reporter-output>
        </test-method> <!-- teardown -->
      </class> <!-- Academy.ValidateNavBar -->
    </test> <!-- Validate navigation bar(browser closes after this test) -->
    <test name="Other Tests(here browsers remain open till all tests done)" duration-ms="36410" started-at="2018-04-03T18:59:38Z" finished-at="2018-04-03T19:00:14Z">
      <class name="Academy.HomePage">
        <test-method status="PASS" signature="begin()[pri:0, instance:Academy.HomePage@703580bf]" name="begin" is-config="true" duration-ms="14250" started-at="2018-04-04T00:29:38Z" finished-at="2018-04-04T00:29:52Z">
          <reporter-output>
          </reporter-output>
        </test-method> <!-- begin -->
        <test-method status="PASS" signature="begin()[pri:0, instance:Academy.HomePagelogin@3e92efc3]" name="begin" is-config="true" duration-ms="14452" started-at="2018-04-04T00:29:52Z" finished-at="2018-04-04T00:30:07Z">
          <reporter-output>
          </reporter-output>
        </test-method> <!-- begin -->
        <test-method status="FAIL" signature="basePagenavigation()[pri:0, instance:Academy.HomePage@703580bf]" name="basePagenavigation" duration-ms="47" started-at="2018-04-04T00:30:07Z" finished-at="2018-04-04T00:30:07Z">
          <exception class="junit.framework.ComparisonFailure">
            <message>
              <![CDATA[expected:<...> but was:<...1>]]>
            </message>
            <full-stacktrace>
              <![CDATA[junit.framework.ComparisonFailure: expected:<...> but was:<...1>
	at junit.framework.Assert.assertEquals(Assert.java:81)
	at junit.framework.Assert.assertEquals(Assert.java:87)
	at Academy.HomePage.basePagenavigation(HomePage.java:34)
	at sun.reflect.NativeMethodAccessorImpl.invoke0(Native Method)
	at sun.reflect.NativeMethodAccessorImpl.invoke(NativeMethodAccessorImpl.java:62)
	at sun.reflect.DelegatingMethodAccessorImpl.invoke(DelegatingMethodAccessorImpl.java:43)
	at java.lang.reflect.Method.invoke(Method.java:498)
	at org.testng.internal.MethodInvocationHelper.invokeMethod(MethodInvocationHelper.java:80)
	at org.testng.internal.Invoker.invokeMethod(Invoker.java:714)
	at org.testng.internal.Invoker.invokeTestMethod(Invoker.java:901)
	at org.testng.internal.Invoker.invokeTestMethods(Invoker.java:1231)
	at org.testng.internal.TestMethodWorker.invokeTestMethods(TestMethodWorker.java:127)
	at org.testng.internal.TestMethodWorker.run(TestMethodWorker.java:111)
	at org.testng.TestRunner.privateRun(TestRunner.java:767)
	at org.testng.TestRunner.run(TestRunner.java:617)
	at org.testng.SuiteRunner.runTest(SuiteRunner.java:334)
	at org.testng.SuiteRunner.runSequentially(SuiteRunner.java:329)
	at org.testng.SuiteRunner.privateRun(SuiteRunner.java:291)
	at org.testng.SuiteRunner.run(SuiteRunner.java:240)
	at org.testng.SuiteRunnerWorker.runSuite(SuiteRunnerWorker.java:52)
	at org.testng.SuiteRunnerWorker.run(SuiteRunnerWorker.java:86)
	at org.testng.TestNG.runSuitesSequentially(TestNG.java:1198)
	at org.testng.TestNG.runSuitesLocally(TestNG.java:1123)
	at org.testng.TestNG.run(TestNG.java:1031)
	at org.apache.maven.surefire.testng.TestNGExecutor.run(TestNGExecutor.java:283)
	at org.apache.maven.surefire.testng.TestNGXmlTestSuite.execute(TestNGXmlTestSuite.java:75)
	at org.apache.maven.surefire.testng.TestNGProvider.invoke(TestNGProvider.java:120)
	at org.apache.maven.surefire.booter.ForkedBooter.invokeProviderInSameClassLoader(ForkedBooter.java:386)
	at org.apache.maven.surefire.booter.ForkedBooter.runSuitesInProcess(ForkedBooter.java:323)
	at org.apache.maven.surefire.booter.ForkedBooter.main(ForkedBooter.java:143)
]]>
            </full-stacktrace>
          </exception> <!-- junit.framework.ComparisonFailure -->
          <reporter-output>
          </reporter-output>
        </test-method> <!-- basePagenavigation -->
        <test-method status="PASS" signature="teardown()[pri:0, instance:Academy.HomePage@703580bf]" name="teardown" is-config="true" duration-ms="53" started-at="2018-04-04T00:30:14Z" finished-at="2018-04-04T00:30:14Z">
          <reporter-output>
          </reporter-output>
        </test-method> <!-- teardown -->
        <test-method status="FAIL" signature="teardown()[pri:0, instance:Academy.HomePagelogin@3e92efc3]" name="teardown" is-config="true" duration-ms="0" started-at="2018-04-04T00:30:14Z" finished-at="2018-04-04T00:30:14Z">
          <exception class="java.lang.NullPointerException">
            <full-stacktrace>
              <![CDATA[java.lang.NullPointerException
	at Academy.HomePagelogin.teardown(HomePagelogin.java:55)
	at sun.reflect.NativeMethodAccessorImpl.invoke0(Native Method)
	at sun.reflect.NativeMethodAccessorImpl.invoke(NativeMethodAccessorImpl.java:62)
	at sun.reflect.DelegatingMethodAccessorImpl.invoke(DelegatingMethodAccessorImpl.java:43)
	at java.lang.reflect.Method.invoke(Method.java:498)
	at org.testng.internal.MethodInvocationHelper.invokeMethod(MethodInvocationHelper.java:80)
	at org.testng.internal.Invoker.invokeConfigurationMethod(Invoker.java:564)
	at org.testng.internal.Invoker.invokeConfigurations(Invoker.java:213)
	at org.testng.internal.Invoker.invokeConfigurations(Invoker.java:138)
	at org.testng.TestRunner.afterRun(TestRunner.java:1021)
	at org.testng.TestRunner.run(TestRunner.java:621)
	at org.testng.SuiteRunner.runTest(SuiteRunner.java:334)
	at org.testng.SuiteRunner.runSequentially(SuiteRunner.java:329)
	at org.testng.SuiteRunner.privateRun(SuiteRunner.java:291)
	at org.testng.SuiteRunner.run(SuiteRunner.java:240)
	at org.testng.SuiteRunnerWorker.runSuite(SuiteRunnerWorker.java:52)
	at org.testng.SuiteRunnerWorker.run(SuiteRunnerWorker.java:86)
	at org.testng.TestNG.runSuitesSequentially(TestNG.java:1198)
	at org.testng.TestNG.runSuitesLocally(TestNG.java:1123)
	at org.testng.TestNG.run(TestNG.java:1031)
	at org.apache.maven.surefire.testng.TestNGExecutor.run(TestNGExecutor.java:283)
	at org.apache.maven.surefire.testng.TestNGXmlTestSuite.execute(TestNGXmlTestSuite.java:75)
	at org.apache.maven.surefire.testng.TestNGProvider.invoke(TestNGProvider.java:120)
	at org.apache.maven.surefire.booter.ForkedBooter.invokeProviderInSameClassLoader(ForkedBooter.java:386)
	at org.apache.maven.surefire.booter.ForkedBooter.runSuitesInProcess(ForkedBooter.java:323)
	at org.apache.maven.surefire.booter.ForkedBooter.main(ForkedBooter.java:143)
]]>
            </full-stacktrace>
          </exception> <!-- java.lang.NullPointerException -->
          <reporter-output>
          </reporter-output>
        </test-method> <!-- teardown -->
      </class> <!-- Academy.HomePage -->
      <class name="Academy.HomePagelogin">
        <test-method status="PASS" signature="loginpagenavigation(java.lang.String, java.lang.String, java.lang.String)[pri:0, instance:Academy.HomePagelogin@3e92efc3]" name="loginpagenavigation" duration-ms="4083" started-at="2018-04-04T00:30:07Z" data-provider="getData" finished-at="2018-04-04T00:30:11Z">
          <params>
            <param index="0">
              <value>
                <![CDATA[123@.c]]>
              </value>
            </param>
            <param index="1">
              <value>
                <![CDATA[456]]>
              </value>
            </param>
            <param index="2">
              <value>
                <![CDATA[first]]>
              </value>
            </param>
          </params>
          <reporter-output>
          </reporter-output>
        </test-method> <!-- loginpagenavigation -->
        <test-method status="PASS" signature="loginpagenavigation(java.lang.String, java.lang.String, java.lang.String)[pri:0, instance:Academy.HomePagelogin@3e92efc3]" name="loginpagenavigation" duration-ms="2938" started-at="2018-04-04T00:30:11Z" data-provider="getData" finished-at="2018-04-04T00:30:14Z">
          <params>
            <param index="0">
              <value>
                <![CDATA[123as@.c]]>
              </value>
            </param>
            <param index="1">
              <value>
                <![CDATA[456dfg]]>
              </value>
            </param>
            <param index="2">
              <value>
                <![CDATA[second]]>
              </value>
            </param>
          </params>
          <reporter-output>
          </reporter-output>
        </test-method> <!-- loginpagenavigation -->
      </class> <!-- Academy.HomePagelogin -->
    </test> <!-- Other Tests(here browsers remain open till all tests done) -->
  </suite> <!-- Suite -->
</testng-results>
