<?xml version="1.0" encoding="UTF-8"?>
<testng-results skipped="0" failed="0" total="1" passed="1">
  <reporter-output>
  </reporter-output>
  <suite name="Default suite" duration-ms="15283" started-at="2018-04-03T18:57:34Z" finished-at="2018-04-03T18:57:49Z">
    <groups>
    </groups>
    <test name="Default test" duration-ms="15283" started-at="2018-04-03T18:57:34Z" finished-at="2018-04-03T18:57:49Z">
      <class name="Academy.ValidateNavBar">
        <test-method status="PASS" signature="begin()[pri:0, instance:Academy.ValidateNavBar@15eb5ee5]" name="begin" is-config="true" duration-ms="15170" started-at="2018-04-04T00:27:34Z" finished-at="2018-04-04T00:27:49Z">
          <reporter-output>
          </reporter-output>
        </test-method> <!-- begin -->
        <test-method status="PASS" signature="Navigationbar()[pri:0, instance:Academy.ValidateNavBar@15eb5ee5]" name="Navigationbar" duration-ms="60" started-at="2018-04-04T00:27:49Z" finished-at="2018-04-04T00:27:49Z">
          <reporter-output>
          </reporter-output>
        </test-method> <!-- Navigationbar -->
        <test-method status="PASS" signature="teardown()[pri:0, instance:Academy.ValidateNavBar@15eb5ee5]" name="teardown" is-config="true" duration-ms="38" started-at="2018-04-04T00:27:49Z" finished-at="2018-04-04T00:27:49Z">
          <reporter-output>
          </reporter-output>
        </test-method> <!-- teardown -->
      </class> <!-- Academy.ValidateNavBar -->
    </test> <!-- Default test -->
  </suite> <!-- Default suite -->
</testng-results>
